<?xml version="1.0" encoding="UTF-8"?>
<!-- Generated by org.testng.reporters.JUnitReportReporter -->
<testsuite hostname="Akshay-PC" failures="0" tests="1" name="org.fxbytes.web.base.BaseClass" time="357.879" errors="0" timestamp="2023-08-28T12:13:56 IST" skipped="0">
  <testcase classname="org.fxbytes.web.base.BaseClass" name="baseTest" time="357.879"/>
  <system-out/>
</testsuite> <!-- org.fxbytes.web.base.BaseClass -->
